<?xml version="1.0" encoding="UTF-8"?>
<!-- Generated by org.testng.reporters.JUnitReportReporter -->
<testsuite hostname="win2019" failures="0" tests="1" name="HandlingAlert.AlertPopup2" time="7.109" errors="0" timestamp="2024-08-22T03:29:22 PDT" skipped="0">
  <testcase classname="HandlingAlert.AlertPopup2" name="example" time="7.109"/>
  <system-out/>
</testsuite> <!-- HandlingAlert.AlertPopup2 -->
