<?xml version="1.0" encoding="UTF-8"?>
<!-- Generated by org.testng.reporters.JUnitReportReporter -->
<testsuite hostname="win2019" failures="0" tests="1" name="HandlingAlert.AlertPopus" time="37.012" errors="0" timestamp="2024-08-22T03:17:50 PDT" skipped="0">
  <testcase classname="HandlingAlert.AlertPopus" name="example" time="37.012"/>
  <system-out/>
</testsuite> <!-- HandlingAlert.AlertPopus -->
